[2025-08-03 13:23:01] local.ERROR: Failed to send analysis emails: Undefined constant "result" (View: /Users/orderonlinemac5/Labs/upwork/Schyler/skintel-scanner/resources/views/emails/customer-analysis-result.blade.php)  
[2025-08-03 14:49:18] local.ERROR: Failed to send analysis emails: Failed to authenticate on SMTP server with username "rizky.rsj@gmail.com" using the following authenticators: "LOGIN", "PLAIN", "XOAUTH2". Authenticator "LOGIN" returned "Expected response code "235" but got code "535", with message "535-5.7.8 Username and Password not accepted. For more information, go to
535 5.7.8  https://support.google.com/mail/?p=BadCredentials d9443c01a7336-241d1f0f603sm88608405ad.48 - gsmtp".". Authenticator "PLAIN" returned "Expected response code "235" but got code "535", with message "535-5.7.8 Username and Password not accepted. For more information, go to
535 5.7.8  https://support.google.com/mail/?p=BadCredentials d9443c01a7336-241d1f0f603sm88608405ad.48 - gsmtp".". Authenticator "XOAUTH2" returned "Expected response code "235" but got code "334", with message "334 eyJzdGF0dXMiOiI0MDAiLCJzY2hlbWVzIjoiQmVhcmVyIiwic2NvcGUiOiJodHRwczovL21haWwuZ29vZ2xlLmNvbS8ifQ==".".  
[2025-08-03 15:30:26] local.ERROR: filemtime(): stat failed for /Users/orderonlinemac5/Labs/upwork/Schyler/skintel-scanner/.env {"exception":"[object] (ErrorException(code: 0): filemtime(): stat failed for /Users/orderonlinemac5/Labs/upwork/Schyler/skintel-scanner/.env at /Users/orderonlinemac5/Labs/upwork/Schyler/skintel-scanner/vendor/laravel/framework/src/Illuminate/Foundation/Console/ServeCommand.php:138)
[stacktrace]
#0 /Users/orderonlinemac5/Labs/upwork/Schyler/skintel-scanner/vendor/laravel/framework/src/Illuminate/Foundation/Bootstrap/HandleExceptions.php(256): Illuminate\\Foundation\\Bootstrap\\HandleExceptions->handleError(2, 'filemtime(): st...', '/Users/orderonl...', 138)
#1 [internal function]: Illuminate\\Foundation\\Bootstrap\\HandleExceptions->Illuminate\\Foundation\\Bootstrap\\{closure}(2, 'filemtime(): st...', '/Users/orderonl...', 138)
#2 /Users/orderonlinemac5/Labs/upwork/Schyler/skintel-scanner/vendor/laravel/framework/src/Illuminate/Foundation/Console/ServeCommand.php(138): filemtime('/Users/orderonl...')
#3 /Users/orderonlinemac5/Labs/upwork/Schyler/skintel-scanner/vendor/laravel/framework/src/Illuminate/Container/BoundMethod.php(36): Illuminate\\Foundation\\Console\\ServeCommand->handle()
#4 /Users/orderonlinemac5/Labs/upwork/Schyler/skintel-scanner/vendor/laravel/framework/src/Illuminate/Container/Util.php(43): Illuminate\\Container\\BoundMethod::Illuminate\\Container\\{closure}()
#5 /Users/orderonlinemac5/Labs/upwork/Schyler/skintel-scanner/vendor/laravel/framework/src/Illuminate/Container/BoundMethod.php(96): Illuminate\\Container\\Util::unwrapIfClosure(Object(Closure))
#6 /Users/orderonlinemac5/Labs/upwork/Schyler/skintel-scanner/vendor/laravel/framework/src/Illuminate/Container/BoundMethod.php(35): Illuminate\\Container\\BoundMethod::callBoundMethod(Object(Illuminate\\Foundation\\Application), Array, Object(Closure))
#7 /Users/orderonlinemac5/Labs/upwork/Schyler/skintel-scanner/vendor/laravel/framework/src/Illuminate/Container/Container.php(780): Illuminate\\Container\\BoundMethod::call(Object(Illuminate\\Foundation\\Application), Array, Array, NULL)
#8 /Users/orderonlinemac5/Labs/upwork/Schyler/skintel-scanner/vendor/laravel/framework/src/Illuminate/Console/Command.php(211): Illuminate\\Container\\Container->call(Array)
#9 /Users/orderonlinemac5/Labs/upwork/Schyler/skintel-scanner/vendor/symfony/console/Command/Command.php(318): Illuminate\\Console\\Command->execute(Object(Symfony\\Component\\Console\\Input\\ArgvInput), Object(Illuminate\\Console\\OutputStyle))
#10 /Users/orderonlinemac5/Labs/upwork/Schyler/skintel-scanner/vendor/laravel/framework/src/Illuminate/Console/Command.php(180): Symfony\\Component\\Console\\Command\\Command->run(Object(Symfony\\Component\\Console\\Input\\ArgvInput), Object(Illuminate\\Console\\OutputStyle))
#11 /Users/orderonlinemac5/Labs/upwork/Schyler/skintel-scanner/vendor/symfony/console/Application.php(1092): Illuminate\\Console\\Command->run(Object(Symfony\\Component\\Console\\Input\\ArgvInput), Object(Symfony\\Component\\Console\\Output\\ConsoleOutput))
#12 /Users/orderonlinemac5/Labs/upwork/Schyler/skintel-scanner/vendor/symfony/console/Application.php(341): Symfony\\Component\\Console\\Application->doRunCommand(Object(Illuminate\\Foundation\\Console\\ServeCommand), Object(Symfony\\Component\\Console\\Input\\ArgvInput), Object(Symfony\\Component\\Console\\Output\\ConsoleOutput))
#13 /Users/orderonlinemac5/Labs/upwork/Schyler/skintel-scanner/vendor/symfony/console/Application.php(192): Symfony\\Component\\Console\\Application->doRun(Object(Symfony\\Component\\Console\\Input\\ArgvInput), Object(Symfony\\Component\\Console\\Output\\ConsoleOutput))
#14 /Users/orderonlinemac5/Labs/upwork/Schyler/skintel-scanner/vendor/laravel/framework/src/Illuminate/Foundation/Console/Kernel.php(197): Symfony\\Component\\Console\\Application->run(Object(Symfony\\Component\\Console\\Input\\ArgvInput), Object(Symfony\\Component\\Console\\Output\\ConsoleOutput))
#15 /Users/orderonlinemac5/Labs/upwork/Schyler/skintel-scanner/vendor/laravel/framework/src/Illuminate/Foundation/Application.php(1234): Illuminate\\Foundation\\Console\\Kernel->handle(Object(Symfony\\Component\\Console\\Input\\ArgvInput), Object(Symfony\\Component\\Console\\Output\\ConsoleOutput))
#16 /Users/orderonlinemac5/Labs/upwork/Schyler/skintel-scanner/artisan(16): Illuminate\\Foundation\\Application->handleCommand(Object(Symfony\\Component\\Console\\Input\\ArgvInput))
#17 {main}
"} 
